Loading required package: pbmcapply
Loading required package: parallel
Loading required package: foreach
Loading required package: doSNOW
Loading required package: iterators
Loading required package: snow

Attaching package: ‘snow’

The following objects are masked from ‘package:parallel’:

    clusterApply, clusterApplyLB, clusterCall, clusterEvalQ,
    clusterExport, clusterMap, clusterSplit, makeCluster, parApply,
    parCapply, parLapply, parRapply, parSapply, splitIndices,
    stopCluster

Loading required package: progress
Loading required package: energy
Loading required package: rdist
Loading required package: dHSIC
Loading required package: minerva
Loading required package: TauStar
Loading required package: Hmisc
Loading required package: lattice
Loading required package: survival
Loading required package: Formula
Loading required package: ggplot2

Attaching package: ‘Hmisc’

The following objects are masked from ‘package:base’:

    format.pval, units

Loading required package: grid
Loading required package: matrixcalc
Loading required package: pracma

Attaching package: ‘pracma’

The following object is masked from ‘package:Hmisc’:

    ceil

The following object is masked from ‘package:rdist’:

    pdist

Loading required package: MASS
Loading required package: abind
[[1]]
[1] TRUE

[[2]]
[1] TRUE

[[3]]
[1] TRUE

[[4]]
[1] TRUE

[[5]]
[1] TRUE

[[6]]
[1] TRUE

[[7]]
[1] TRUE

[[8]]
[1] TRUE

[[9]]
[1] TRUE

[[10]]
[1] TRUE

[[11]]
[1] TRUE

[[12]]
[1] TRUE

[[13]]
[1] TRUE

[[14]]
[1] TRUE

[[15]]
[1] TRUE

[[16]]
[1] TRUE

[[17]]
[1] TRUE

[[18]]
[1] TRUE

ℹ Loading aLDG
There were 50 or more warnings (use warnings() to see the first 50)
Time difference of 6.107328 mins
